2013/07/23 16:09:16 [error] [exception.CHttpException.404] exception 'CHttpException' with message 'Unable to resolve the request "user".' in /Users/coly/Sites/yii-1.1.13.e9e4a0/framework/web/CWebApplication.php:286
Stack trace:
#0 /Users/coly/Sites/yii-1.1.13.e9e4a0/framework/web/CWebApplication.php(141): CWebApplication->runController('user')
#1 /Users/coly/Sites/yii-1.1.13.e9e4a0/framework/base/CApplication.php(169): CWebApplication->processRequest()
#2 /Users/coly/Sites/yii-user/index.php(13): CApplication->run()
#3 {main}
REQUEST_URI=/yii-user/index.php?r=user
---
2013/07/23 16:09:30 [error] [exception.CHttpException.404] exception 'CHttpException' with message 'Unable to resolve the request "/en/user".' in /Users/coly/Sites/yii-1.1.13.e9e4a0/framework/web/CWebApplication.php:286
Stack trace:
#0 /Users/coly/Sites/yii-1.1.13.e9e4a0/framework/web/CWebApplication.php(141): CWebApplication->runController('/en/user')
#1 /Users/coly/Sites/yii-1.1.13.e9e4a0/framework/base/CApplication.php(169): CWebApplication->processRequest()
#2 /Users/coly/Sites/yii-user/index.php(13): CApplication->run()
#3 {main}
REQUEST_URI=/yii-user/index.php?r=/en/user
---
2013/07/23 16:09:39 [error] [exception.CHttpException.404] exception 'CHttpException' with message 'Unable to resolve the request "user".' in /Users/coly/Sites/yii-1.1.13.e9e4a0/framework/web/CWebApplication.php:286
Stack trace:
#0 /Users/coly/Sites/yii-1.1.13.e9e4a0/framework/web/CWebApplication.php(141): CWebApplication->runController('user')
#1 /Users/coly/Sites/yii-1.1.13.e9e4a0/framework/base/CApplication.php(169): CWebApplication->processRequest()
#2 /Users/coly/Sites/yii-user/index.php(13): CApplication->run()
#3 {main}
REQUEST_URI=/yii-user/index.php?r=user
---
2013/07/23 16:10:38 [error] [exception.CHttpException.404] exception 'CHttpException' with message 'Unable to resolve the request "users".' in /Users/coly/Sites/yii-1.1.13.e9e4a0/framework/web/CWebApplication.php:286
Stack trace:
#0 /Users/coly/Sites/yii-1.1.13.e9e4a0/framework/web/CWebApplication.php(141): CWebApplication->runController('users')
#1 /Users/coly/Sites/yii-1.1.13.e9e4a0/framework/base/CApplication.php(169): CWebApplication->processRequest()
#2 /Users/coly/Sites/yii-user/index.php(13): CApplication->run()
#3 {main}
REQUEST_URI=/yii-user/index.php?r=users
---
2013/07/23 16:10:53 [error] [exception.CHttpException.404] exception 'CHttpException' with message 'Unable to resolve the request "users".' in /Users/coly/Sites/yii-1.1.13.e9e4a0/framework/web/CWebApplication.php:286
Stack trace:
#0 /Users/coly/Sites/yii-1.1.13.e9e4a0/framework/web/CWebApplication.php(141): CWebApplication->runController('users')
#1 /Users/coly/Sites/yii-1.1.13.e9e4a0/framework/base/CApplication.php(169): CWebApplication->processRequest()
#2 /Users/coly/Sites/yii-user/index.php(13): CApplication->run()
#3 {main}
REQUEST_URI=/yii-user/index.php?r=users
---
2013/07/23 16:11:58 [error] [exception.CHttpException.404] exception 'CHttpException' with message 'Unable to resolve the request "users".' in /Users/coly/Sites/yii-1.1.13.e9e4a0/framework/web/CWebApplication.php:286
Stack trace:
#0 /Users/coly/Sites/yii-1.1.13.e9e4a0/framework/web/CWebApplication.php(141): CWebApplication->runController('users')
#1 /Users/coly/Sites/yii-1.1.13.e9e4a0/framework/base/CApplication.php(169): CWebApplication->processRequest()
#2 /Users/coly/Sites/yii-user/index.php(13): CApplication->run()
#3 {main}
REQUEST_URI=/yii-user/index.php?r=users
---
2013/07/23 16:13:00 [error] [exception.CHttpException.404] exception 'CHttpException' with message 'The system is unable to find the requested action "user".' in /Users/coly/Sites/yii-1.1.13.e9e4a0/framework/web/CController.php:483
Stack trace:
#0 /Users/coly/Sites/yii-1.1.13.e9e4a0/framework/web/CController.php(270): CController->missingAction('user')
#1 /Users/coly/Sites/yii-1.1.13.e9e4a0/framework/web/CWebApplication.php(282): CController->run('user')
#2 /Users/coly/Sites/yii-1.1.13.e9e4a0/framework/web/CWebApplication.php(141): CWebApplication->runController('site/user')
#3 /Users/coly/Sites/yii-1.1.13.e9e4a0/framework/base/CApplication.php(169): CWebApplication->processRequest()
#4 /Users/coly/Sites/yii-user/index.php(13): CApplication->run()
#5 {main}
REQUEST_URI=/yii-user/index.php?r=site/user
---
2013/07/23 16:18:07 [error] [exception.CHttpException.404] exception 'CHttpException' with message 'The system is unable to find the requested action "user".' in /Users/coly/Sites/yii-1.1.13.e9e4a0/framework/web/CController.php:483
Stack trace:
#0 /Users/coly/Sites/yii-1.1.13.e9e4a0/framework/web/CController.php(270): CController->missingAction('user')
#1 /Users/coly/Sites/yii-1.1.13.e9e4a0/framework/web/CWebApplication.php(282): CController->run('user')
#2 /Users/coly/Sites/yii-1.1.13.e9e4a0/framework/web/CWebApplication.php(141): CWebApplication->runController('site/user')
#3 /Users/coly/Sites/yii-1.1.13.e9e4a0/framework/base/CApplication.php(169): CWebApplication->processRequest()
#4 /Users/coly/Sites/yii-user/index.php(13): CApplication->run()
#5 {main}
REQUEST_URI=/yii-user/index.php?r=site/user
---
2013/07/23 16:18:10 [error] [exception.CDbException] exception 'CDbException' with message 'The table "{{users}}" for active record class "RegistrationForm" cannot be found in the database.' in /Users/coly/Sites/yii-1.1.13.e9e4a0/framework/db/ar/CActiveRecord.php:2310
Stack trace:
#0 /Users/coly/Sites/yii-1.1.13.e9e4a0/framework/db/ar/CActiveRecord.php(387): CActiveRecordMetaData->__construct(Object(RegistrationForm))
#1 /Users/coly/Sites/yii-1.1.13.e9e4a0/framework/db/ar/CActiveRecord.php(402): CActiveRecord::model('RegistrationFor...')
#2 /Users/coly/Sites/yii-1.1.13.e9e4a0/framework/db/ar/CActiveRecord.php(77): CActiveRecord->getMetaData()
#3 /Users/coly/Sites/yii-user/protected/modules/user/controllers/RegistrationController.php(25): CActiveRecord->__construct()
#4 /Users/coly/Sites/yii-1.1.13.e9e4a0/framework/web/actions/CInlineAction.php(49): RegistrationController->actionRegistration()
#5 /Users/coly/Sites/yii-1.1.13.e9e4a0/framework/web/CController.php(308): CInlineAction->runWithParams(Array)
#6 /Users/coly/Sites/yii-1.1.13.e9e4a0/framework/web/CController.php(286): CController->runAction(Object(CInlineAction))
#7 /Users/coly/Sites/yii-1.1.13.e9e4a0/framework/web/CController.php(265): CController->runActionWithFilters(Object(CInlineAction), Array)
#8 /Users/coly/Sites/yii-1.1.13.e9e4a0/framework/web/CWebApplication.php(282): CController->run('')
#9 /Users/coly/Sites/yii-1.1.13.e9e4a0/framework/web/CWebApplication.php(141): CWebApplication->runController('user/registrati...')
#10 /Users/coly/Sites/yii-1.1.13.e9e4a0/framework/base/CApplication.php(169): CWebApplication->processRequest()
#11 /Users/coly/Sites/yii-user/index.php(13): CApplication->run()
#12 {main}
REQUEST_URI=/yii-user/index.php?r=user/registration
HTTP_REFERER=http://127.0.0.1:1000/yii-user/index.php?r=user/login
---
2013/07/23 16:19:24 [error] [exception.CDbException] exception 'CDbException' with message 'The table "{{users}}" for active record class "RegistrationForm" cannot be found in the database.' in /Users/coly/Sites/yii-1.1.13.e9e4a0/framework/db/ar/CActiveRecord.php:2310
Stack trace:
#0 /Users/coly/Sites/yii-1.1.13.e9e4a0/framework/db/ar/CActiveRecord.php(387): CActiveRecordMetaData->__construct(Object(RegistrationForm))
#1 /Users/coly/Sites/yii-1.1.13.e9e4a0/framework/db/ar/CActiveRecord.php(402): CActiveRecord::model('RegistrationFor...')
#2 /Users/coly/Sites/yii-1.1.13.e9e4a0/framework/db/ar/CActiveRecord.php(77): CActiveRecord->getMetaData()
#3 /Users/coly/Sites/yii-user/protected/modules/user/controllers/RegistrationController.php(25): CActiveRecord->__construct()
#4 /Users/coly/Sites/yii-1.1.13.e9e4a0/framework/web/actions/CInlineAction.php(49): RegistrationController->actionRegistration()
#5 /Users/coly/Sites/yii-1.1.13.e9e4a0/framework/web/CController.php(308): CInlineAction->runWithParams(Array)
#6 /Users/coly/Sites/yii-1.1.13.e9e4a0/framework/web/CController.php(286): CController->runAction(Object(CInlineAction))
#7 /Users/coly/Sites/yii-1.1.13.e9e4a0/framework/web/CController.php(265): CController->runActionWithFilters(Object(CInlineAction), Array)
#8 /Users/coly/Sites/yii-1.1.13.e9e4a0/framework/web/CWebApplication.php(282): CController->run('')
#9 /Users/coly/Sites/yii-1.1.13.e9e4a0/framework/web/CWebApplication.php(141): CWebApplication->runController('user/registrati...')
#10 /Users/coly/Sites/yii-1.1.13.e9e4a0/framework/base/CApplication.php(169): CWebApplication->processRequest()
#11 /Users/coly/Sites/yii-user/index.php(13): CApplication->run()
#12 {main}
REQUEST_URI=/yii-user/index.php?r=user/registration
HTTP_REFERER=http://127.0.0.1:1000/yii-user/index.php?r=user/login
---
2013/07/23 16:19:42 [error] [exception.CDbException] exception 'CDbException' with message 'The table "{{users}}" for active record class "RegistrationForm" cannot be found in the database.' in /Users/coly/Sites/yii-1.1.13.e9e4a0/framework/db/ar/CActiveRecord.php:2310
Stack trace:
#0 /Users/coly/Sites/yii-1.1.13.e9e4a0/framework/db/ar/CActiveRecord.php(387): CActiveRecordMetaData->__construct(Object(RegistrationForm))
#1 /Users/coly/Sites/yii-1.1.13.e9e4a0/framework/db/ar/CActiveRecord.php(402): CActiveRecord::model('RegistrationFor...')
#2 /Users/coly/Sites/yii-1.1.13.e9e4a0/framework/db/ar/CActiveRecord.php(77): CActiveRecord->getMetaData()
#3 /Users/coly/Sites/yii-user/protected/modules/user/controllers/RegistrationController.php(25): CActiveRecord->__construct()
#4 /Users/coly/Sites/yii-1.1.13.e9e4a0/framework/web/actions/CInlineAction.php(49): RegistrationController->actionRegistration()
#5 /Users/coly/Sites/yii-1.1.13.e9e4a0/framework/web/CController.php(308): CInlineAction->runWithParams(Array)
#6 /Users/coly/Sites/yii-1.1.13.e9e4a0/framework/web/CController.php(286): CController->runAction(Object(CInlineAction))
#7 /Users/coly/Sites/yii-1.1.13.e9e4a0/framework/web/CController.php(265): CController->runActionWithFilters(Object(CInlineAction), Array)
#8 /Users/coly/Sites/yii-1.1.13.e9e4a0/framework/web/CWebApplication.php(282): CController->run('')
#9 /Users/coly/Sites/yii-1.1.13.e9e4a0/framework/web/CWebApplication.php(141): CWebApplication->runController('user/registrati...')
#10 /Users/coly/Sites/yii-1.1.13.e9e4a0/framework/base/CApplication.php(169): CWebApplication->processRequest()
#11 /Users/coly/Sites/yii-user/index.php(13): CApplication->run()
#12 {main}
REQUEST_URI=/yii-user/index.php?r=user/registration
HTTP_REFERER=http://127.0.0.1:1000/yii-user/index.php?r=user/login
---
2013/07/23 16:23:00 [error] [exception.CDbException] exception 'CDbException' with message 'CDbConnection failed to open the DB connection: SQLSTATE[28000] [1045] Access denied for user 'root'@'localhost' (using password: NO)' in /Users/coly/Sites/yii-1.1.13.e9e4a0/framework/db/CDbConnection.php:381
Stack trace:
#0 /Users/coly/Sites/yii-1.1.13.e9e4a0/framework/db/CDbConnection.php(330): CDbConnection->open()
#1 /Users/coly/Sites/yii-1.1.13.e9e4a0/framework/db/CDbConnection.php(308): CDbConnection->setActive(true)
#2 /Users/coly/Sites/yii-1.1.13.e9e4a0/framework/base/CModule.php(387): CDbConnection->init()
#3 /Users/coly/Sites/yii-1.1.13.e9e4a0/framework/base/CApplication.php(438): CModule->getComponent('db')
#4 /Users/coly/Sites/yii-1.1.13.e9e4a0/framework/db/ar/CActiveRecord.php(623): CApplication->getDb()
#5 /Users/coly/Sites/yii-1.1.13.e9e4a0/framework/db/ar/CActiveRecord.php(2309): CActiveRecord->getDbConnection()
#6 /Users/coly/Sites/yii-1.1.13.e9e4a0/framework/db/ar/CActiveRecord.php(387): CActiveRecordMetaData->__construct(Object(RegistrationForm))
#7 /Users/coly/Sites/yii-1.1.13.e9e4a0/framework/db/ar/CActiveRecord.php(402): CActiveRecord::model('RegistrationFor...')
#8 /Users/coly/Sites/yii-1.1.13.e9e4a0/framework/db/ar/CActiveRecord.php(77): CActiveRecord->getMetaData()
#9 /Users/coly/Sites/yii-user/protected/modules/user/controllers/RegistrationController.php(25): CActiveRecord->__construct()
#10 /Users/coly/Sites/yii-1.1.13.e9e4a0/framework/web/actions/CInlineAction.php(49): RegistrationController->actionRegistration()
#11 /Users/coly/Sites/yii-1.1.13.e9e4a0/framework/web/CController.php(308): CInlineAction->runWithParams(Array)
#12 /Users/coly/Sites/yii-1.1.13.e9e4a0/framework/web/CController.php(286): CController->runAction(Object(CInlineAction))
#13 /Users/coly/Sites/yii-1.1.13.e9e4a0/framework/web/CController.php(265): CController->runActionWithFilters(Object(CInlineAction), Array)
#14 /Users/coly/Sites/yii-1.1.13.e9e4a0/framework/web/CWebApplication.php(282): CController->run('')
#15 /Users/coly/Sites/yii-1.1.13.e9e4a0/framework/web/CWebApplication.php(141): CWebApplication->runController('user/registrati...')
#16 /Users/coly/Sites/yii-1.1.13.e9e4a0/framework/base/CApplication.php(169): CWebApplication->processRequest()
#17 /Users/coly/Sites/yii-user/index.php(13): CApplication->run()
#18 {main}
REQUEST_URI=/yii-user/index.php?r=user/registration
HTTP_REFERER=http://127.0.0.1:1000/yii-user/index.php?r=user/login
---
2013/07/23 16:23:16 [error] [system.db.CDbCommand] CDbCommand::fetchAll() failed: SQLSTATE[42S02]: Base table or view not found: 1146 Table 'yii-user.tbl_users' doesn't exist. The SQL statement executed was: SHOW FULL COLUMNS FROM `tbl_users`.
in /Users/coly/Sites/yii-user/protected/modules/user/controllers/RegistrationController.php (25)
in /Users/coly/Sites/yii-user/index.php (13)
2013/07/23 16:23:16 [error] [exception.CDbException] exception 'CDbException' with message 'The table "{{users}}" for active record class "RegistrationForm" cannot be found in the database.' in /Users/coly/Sites/yii-1.1.13.e9e4a0/framework/db/ar/CActiveRecord.php:2310
Stack trace:
#0 /Users/coly/Sites/yii-1.1.13.e9e4a0/framework/db/ar/CActiveRecord.php(387): CActiveRecordMetaData->__construct(Object(RegistrationForm))
#1 /Users/coly/Sites/yii-1.1.13.e9e4a0/framework/db/ar/CActiveRecord.php(402): CActiveRecord::model('RegistrationFor...')
#2 /Users/coly/Sites/yii-1.1.13.e9e4a0/framework/db/ar/CActiveRecord.php(77): CActiveRecord->getMetaData()
#3 /Users/coly/Sites/yii-user/protected/modules/user/controllers/RegistrationController.php(25): CActiveRecord->__construct()
#4 /Users/coly/Sites/yii-1.1.13.e9e4a0/framework/web/actions/CInlineAction.php(49): RegistrationController->actionRegistration()
#5 /Users/coly/Sites/yii-1.1.13.e9e4a0/framework/web/CController.php(308): CInlineAction->runWithParams(Array)
#6 /Users/coly/Sites/yii-1.1.13.e9e4a0/framework/web/CController.php(286): CController->runAction(Object(CInlineAction))
#7 /Users/coly/Sites/yii-1.1.13.e9e4a0/framework/web/CController.php(265): CController->runActionWithFilters(Object(CInlineAction), Array)
#8 /Users/coly/Sites/yii-1.1.13.e9e4a0/framework/web/CWebApplication.php(282): CController->run('')
#9 /Users/coly/Sites/yii-1.1.13.e9e4a0/framework/web/CWebApplication.php(141): CWebApplication->runController('user/registrati...')
#10 /Users/coly/Sites/yii-1.1.13.e9e4a0/framework/base/CApplication.php(169): CWebApplication->processRequest()
#11 /Users/coly/Sites/yii-user/index.php(13): CApplication->run()
#12 {main}
REQUEST_URI=/yii-user/index.php?r=user/registration
HTTP_REFERER=http://127.0.0.1:1000/yii-user/index.php?r=user/login
---
2013/07/23 16:23:40 [error] [system.db.CDbCommand] CDbCommand::fetchAll() failed: SQLSTATE[42S02]: Base table or view not found: 1146 Table 'yii-user.tbl_users' doesn't exist. The SQL statement executed was: SHOW FULL COLUMNS FROM `tbl_users`.
in /Users/coly/Sites/yii-user/protected/modules/user/controllers/RegistrationController.php (25)
in /Users/coly/Sites/yii-user/index.php (13)
2013/07/23 16:23:40 [error] [exception.CDbException] exception 'CDbException' with message 'The table "{{users}}" for active record class "RegistrationForm" cannot be found in the database.' in /Users/coly/Sites/yii-1.1.13.e9e4a0/framework/db/ar/CActiveRecord.php:2310
Stack trace:
#0 /Users/coly/Sites/yii-1.1.13.e9e4a0/framework/db/ar/CActiveRecord.php(387): CActiveRecordMetaData->__construct(Object(RegistrationForm))
#1 /Users/coly/Sites/yii-1.1.13.e9e4a0/framework/db/ar/CActiveRecord.php(402): CActiveRecord::model('RegistrationFor...')
#2 /Users/coly/Sites/yii-1.1.13.e9e4a0/framework/db/ar/CActiveRecord.php(77): CActiveRecord->getMetaData()
#3 /Users/coly/Sites/yii-user/protected/modules/user/controllers/RegistrationController.php(25): CActiveRecord->__construct()
#4 /Users/coly/Sites/yii-1.1.13.e9e4a0/framework/web/actions/CInlineAction.php(49): RegistrationController->actionRegistration()
#5 /Users/coly/Sites/yii-1.1.13.e9e4a0/framework/web/CController.php(308): CInlineAction->runWithParams(Array)
#6 /Users/coly/Sites/yii-1.1.13.e9e4a0/framework/web/CController.php(286): CController->runAction(Object(CInlineAction))
#7 /Users/coly/Sites/yii-1.1.13.e9e4a0/framework/web/CController.php(265): CController->runActionWithFilters(Object(CInlineAction), Array)
#8 /Users/coly/Sites/yii-1.1.13.e9e4a0/framework/web/CWebApplication.php(282): CController->run('')
#9 /Users/coly/Sites/yii-1.1.13.e9e4a0/framework/web/CWebApplication.php(141): CWebApplication->runController('user/registrati...')
#10 /Users/coly/Sites/yii-1.1.13.e9e4a0/framework/base/CApplication.php(169): CWebApplication->processRequest()
#11 /Users/coly/Sites/yii-user/index.php(13): CApplication->run()
#12 {main}
REQUEST_URI=/yii-user/index.php?r=user/registration
HTTP_REFERER=http://127.0.0.1:1000/yii-user/index.php?r=user/login
---
2013/07/23 16:23:59 [error] [system.db.CDbCommand] CDbCommand::fetchAll() failed: SQLSTATE[42S02]: Base table or view not found: 1146 Table 'yii-user.tbl_users' doesn't exist. The SQL statement executed was: SHOW FULL COLUMNS FROM `tbl_users`.
in /Users/coly/Sites/yii-user/protected/modules/user/controllers/RegistrationController.php (25)
in /Users/coly/Sites/yii-user/index.php (13)
2013/07/23 16:23:59 [error] [exception.CDbException] exception 'CDbException' with message 'The table "{{users}}" for active record class "RegistrationForm" cannot be found in the database.' in /Users/coly/Sites/yii-1.1.13.e9e4a0/framework/db/ar/CActiveRecord.php:2310
Stack trace:
#0 /Users/coly/Sites/yii-1.1.13.e9e4a0/framework/db/ar/CActiveRecord.php(387): CActiveRecordMetaData->__construct(Object(RegistrationForm))
#1 /Users/coly/Sites/yii-1.1.13.e9e4a0/framework/db/ar/CActiveRecord.php(402): CActiveRecord::model('RegistrationFor...')
#2 /Users/coly/Sites/yii-1.1.13.e9e4a0/framework/db/ar/CActiveRecord.php(77): CActiveRecord->getMetaData()
#3 /Users/coly/Sites/yii-user/protected/modules/user/controllers/RegistrationController.php(25): CActiveRecord->__construct()
#4 /Users/coly/Sites/yii-1.1.13.e9e4a0/framework/web/actions/CInlineAction.php(49): RegistrationController->actionRegistration()
#5 /Users/coly/Sites/yii-1.1.13.e9e4a0/framework/web/CController.php(308): CInlineAction->runWithParams(Array)
#6 /Users/coly/Sites/yii-1.1.13.e9e4a0/framework/web/CController.php(286): CController->runAction(Object(CInlineAction))
#7 /Users/coly/Sites/yii-1.1.13.e9e4a0/framework/web/CController.php(265): CController->runActionWithFilters(Object(CInlineAction), Array)
#8 /Users/coly/Sites/yii-1.1.13.e9e4a0/framework/web/CWebApplication.php(282): CController->run('')
#9 /Users/coly/Sites/yii-1.1.13.e9e4a0/framework/web/CWebApplication.php(141): CWebApplication->runController('user/registrati...')
#10 /Users/coly/Sites/yii-1.1.13.e9e4a0/framework/base/CApplication.php(169): CWebApplication->processRequest()
#11 /Users/coly/Sites/yii-user/index.php(13): CApplication->run()
#12 {main}
REQUEST_URI=/yii-user/index.php?r=user/registration
HTTP_REFERER=http://127.0.0.1:1000/yii-user/index.php?r=user/login
---
2013/07/23 16:26:35 [error] [system.db.CDbCommand] CDbCommand::fetchAll() failed: SQLSTATE[42S02]: Base table or view not found: 1146 Table 'yii-user.tbl_users' doesn't exist. The SQL statement executed was: SHOW FULL COLUMNS FROM `tbl_users`.
in /Users/coly/Sites/yii-user/protected/modules/user/controllers/RegistrationController.php (25)
in /Users/coly/Sites/yii-user/index.php (13)
2013/07/23 16:26:35 [error] [exception.CDbException] exception 'CDbException' with message 'The table "{{users}}" for active record class "RegistrationForm" cannot be found in the database.' in /Users/coly/Sites/yii-1.1.13.e9e4a0/framework/db/ar/CActiveRecord.php:2310
Stack trace:
#0 /Users/coly/Sites/yii-1.1.13.e9e4a0/framework/db/ar/CActiveRecord.php(387): CActiveRecordMetaData->__construct(Object(RegistrationForm))
#1 /Users/coly/Sites/yii-1.1.13.e9e4a0/framework/db/ar/CActiveRecord.php(402): CActiveRecord::model('RegistrationFor...')
#2 /Users/coly/Sites/yii-1.1.13.e9e4a0/framework/db/ar/CActiveRecord.php(77): CActiveRecord->getMetaData()
#3 /Users/coly/Sites/yii-user/protected/modules/user/controllers/RegistrationController.php(25): CActiveRecord->__construct()
#4 /Users/coly/Sites/yii-1.1.13.e9e4a0/framework/web/actions/CInlineAction.php(49): RegistrationController->actionRegistration()
#5 /Users/coly/Sites/yii-1.1.13.e9e4a0/framework/web/CController.php(308): CInlineAction->runWithParams(Array)
#6 /Users/coly/Sites/yii-1.1.13.e9e4a0/framework/web/CController.php(286): CController->runAction(Object(CInlineAction))
#7 /Users/coly/Sites/yii-1.1.13.e9e4a0/framework/web/CController.php(265): CController->runActionWithFilters(Object(CInlineAction), Array)
#8 /Users/coly/Sites/yii-1.1.13.e9e4a0/framework/web/CWebApplication.php(282): CController->run('')
#9 /Users/coly/Sites/yii-1.1.13.e9e4a0/framework/web/CWebApplication.php(141): CWebApplication->runController('user/registrati...')
#10 /Users/coly/Sites/yii-1.1.13.e9e4a0/framework/base/CApplication.php(169): CWebApplication->processRequest()
#11 /Users/coly/Sites/yii-user/index.php(13): CApplication->run()
#12 {main}
REQUEST_URI=/yii-user/index.php?r=user/registration
HTTP_REFERER=http://127.0.0.1:1000/yii-user/
---
2013/07/23 16:27:52 [error] [exception.CException] exception 'CException' with message 'Property "UserModule.tableUser" is not defined.' in /Users/coly/Sites/yii-1.1.13.e9e4a0/framework/base/CComponent.php:130
Stack trace:
#0 /Users/coly/Sites/yii-1.1.13.e9e4a0/framework/base/CModule.php(105): CComponent->__get('tableUser')
#1 /Users/coly/Sites/yii-user/protected/modules/user/models/User.php(36): CModule->__get('tableUser')
#2 /Users/coly/Sites/yii-1.1.13.e9e4a0/framework/db/ar/CActiveRecord.php(2308): User->tableName()
#3 /Users/coly/Sites/yii-1.1.13.e9e4a0/framework/db/ar/CActiveRecord.php(387): CActiveRecordMetaData->__construct(Object(RegistrationForm))
#4 /Users/coly/Sites/yii-1.1.13.e9e4a0/framework/db/ar/CActiveRecord.php(402): CActiveRecord::model('RegistrationFor...')
#5 /Users/coly/Sites/yii-1.1.13.e9e4a0/framework/db/ar/CActiveRecord.php(77): CActiveRecord->getMetaData()
#6 /Users/coly/Sites/yii-user/protected/modules/user/controllers/RegistrationController.php(25): CActiveRecord->__construct()
#7 /Users/coly/Sites/yii-1.1.13.e9e4a0/framework/web/actions/CInlineAction.php(49): RegistrationController->actionRegistration()
#8 /Users/coly/Sites/yii-1.1.13.e9e4a0/framework/web/CController.php(308): CInlineAction->runWithParams(Array)
#9 /Users/coly/Sites/yii-1.1.13.e9e4a0/framework/web/CController.php(286): CController->runAction(Object(CInlineAction))
#10 /Users/coly/Sites/yii-1.1.13.e9e4a0/framework/web/CController.php(265): CController->runActionWithFilters(Object(CInlineAction), Array)
#11 /Users/coly/Sites/yii-1.1.13.e9e4a0/framework/web/CWebApplication.php(282): CController->run('')
#12 /Users/coly/Sites/yii-1.1.13.e9e4a0/framework/web/CWebApplication.php(141): CWebApplication->runController('user/registrati...')
#13 /Users/coly/Sites/yii-1.1.13.e9e4a0/framework/base/CApplication.php(169): CWebApplication->processRequest()
#14 /Users/coly/Sites/yii-user/index.php(13): CApplication->run()
#15 {main}
REQUEST_URI=/yii-user/index.php?r=user/registration
HTTP_REFERER=http://127.0.0.1:1000/yii-user/
---
2013/07/23 16:28:04 [error] [system.db.CDbCommand] CDbCommand::fetchAll() failed: SQLSTATE[42S02]: Base table or view not found: 1146 Table 'yii-user.tbl_users' doesn't exist. The SQL statement executed was: SHOW FULL COLUMNS FROM `tbl_users`.
in /Users/coly/Sites/yii-user/protected/modules/user/controllers/RegistrationController.php (25)
in /Users/coly/Sites/yii-user/index.php (13)
2013/07/23 16:28:04 [error] [exception.CDbException] exception 'CDbException' with message 'The table "{{users}}" for active record class "RegistrationForm" cannot be found in the database.' in /Users/coly/Sites/yii-1.1.13.e9e4a0/framework/db/ar/CActiveRecord.php:2310
Stack trace:
#0 /Users/coly/Sites/yii-1.1.13.e9e4a0/framework/db/ar/CActiveRecord.php(387): CActiveRecordMetaData->__construct(Object(RegistrationForm))
#1 /Users/coly/Sites/yii-1.1.13.e9e4a0/framework/db/ar/CActiveRecord.php(402): CActiveRecord::model('RegistrationFor...')
#2 /Users/coly/Sites/yii-1.1.13.e9e4a0/framework/db/ar/CActiveRecord.php(77): CActiveRecord->getMetaData()
#3 /Users/coly/Sites/yii-user/protected/modules/user/controllers/RegistrationController.php(25): CActiveRecord->__construct()
#4 /Users/coly/Sites/yii-1.1.13.e9e4a0/framework/web/actions/CInlineAction.php(49): RegistrationController->actionRegistration()
#5 /Users/coly/Sites/yii-1.1.13.e9e4a0/framework/web/CController.php(308): CInlineAction->runWithParams(Array)
#6 /Users/coly/Sites/yii-1.1.13.e9e4a0/framework/web/CController.php(286): CController->runAction(Object(CInlineAction))
#7 /Users/coly/Sites/yii-1.1.13.e9e4a0/framework/web/CController.php(265): CController->runActionWithFilters(Object(CInlineAction), Array)
#8 /Users/coly/Sites/yii-1.1.13.e9e4a0/framework/web/CWebApplication.php(282): CController->run('')
#9 /Users/coly/Sites/yii-1.1.13.e9e4a0/framework/web/CWebApplication.php(141): CWebApplication->runController('user/registrati...')
#10 /Users/coly/Sites/yii-1.1.13.e9e4a0/framework/base/CApplication.php(169): CWebApplication->processRequest()
#11 /Users/coly/Sites/yii-user/index.php(13): CApplication->run()
#12 {main}
REQUEST_URI=/yii-user/index.php?r=user/registration
HTTP_REFERER=http://127.0.0.1:1000/yii-user/
---
2013/07/23 16:30:21 [error] [system.db.CDbCommand] CDbCommand::fetchAll() failed: SQLSTATE[42S02]: Base table or view not found: 1146 Table 'yii-user.tbl_profiles' doesn't exist. The SQL statement executed was: SHOW FULL COLUMNS FROM `tbl_profiles`.
in /Users/coly/Sites/yii-user/protected/modules/user/controllers/RegistrationController.php (26)
in /Users/coly/Sites/yii-user/index.php (13)
2013/07/23 16:30:21 [error] [exception.CDbException] exception 'CDbException' with message 'The table "{{profiles}}" for active record class "Profile" cannot be found in the database.' in /Users/coly/Sites/yii-1.1.13.e9e4a0/framework/db/ar/CActiveRecord.php:2310
Stack trace:
#0 /Users/coly/Sites/yii-1.1.13.e9e4a0/framework/db/ar/CActiveRecord.php(387): CActiveRecordMetaData->__construct(Object(Profile))
#1 /Users/coly/Sites/yii-1.1.13.e9e4a0/framework/db/ar/CActiveRecord.php(402): CActiveRecord::model('Profile')
#2 /Users/coly/Sites/yii-1.1.13.e9e4a0/framework/db/ar/CActiveRecord.php(77): CActiveRecord->getMetaData()
#3 /Users/coly/Sites/yii-user/protected/modules/user/controllers/RegistrationController.php(26): CActiveRecord->__construct()
#4 /Users/coly/Sites/yii-1.1.13.e9e4a0/framework/web/actions/CInlineAction.php(49): RegistrationController->actionRegistration()
#5 /Users/coly/Sites/yii-1.1.13.e9e4a0/framework/web/CController.php(308): CInlineAction->runWithParams(Array)
#6 /Users/coly/Sites/yii-1.1.13.e9e4a0/framework/web/CController.php(286): CController->runAction(Object(CInlineAction))
#7 /Users/coly/Sites/yii-1.1.13.e9e4a0/framework/web/CController.php(265): CController->runActionWithFilters(Object(CInlineAction), Array)
#8 /Users/coly/Sites/yii-1.1.13.e9e4a0/framework/web/CWebApplication.php(282): CController->run('')
#9 /Users/coly/Sites/yii-1.1.13.e9e4a0/framework/web/CWebApplication.php(141): CWebApplication->runController('user/registrati...')
#10 /Users/coly/Sites/yii-1.1.13.e9e4a0/framework/base/CApplication.php(169): CWebApplication->processRequest()
#11 /Users/coly/Sites/yii-user/index.php(13): CApplication->run()
#12 {main}
REQUEST_URI=/yii-user/index.php?r=user/registration
HTTP_REFERER=http://127.0.0.1:1000/yii-user/
---
2013/07/23 16:30:33 [error] [system.db.CDbCommand] CDbCommand::fetchAll() failed: SQLSTATE[42S02]: Base table or view not found: 1146 Table 'yii-user.tbl_profiles' doesn't exist. The SQL statement executed was: SHOW FULL COLUMNS FROM `tbl_profiles`.
in /Users/coly/Sites/yii-user/protected/modules/user/controllers/RegistrationController.php (26)
in /Users/coly/Sites/yii-user/index.php (13)
2013/07/23 16:30:33 [error] [exception.CDbException] exception 'CDbException' with message 'The table "{{profiles}}" for active record class "Profile" cannot be found in the database.' in /Users/coly/Sites/yii-1.1.13.e9e4a0/framework/db/ar/CActiveRecord.php:2310
Stack trace:
#0 /Users/coly/Sites/yii-1.1.13.e9e4a0/framework/db/ar/CActiveRecord.php(387): CActiveRecordMetaData->__construct(Object(Profile))
#1 /Users/coly/Sites/yii-1.1.13.e9e4a0/framework/db/ar/CActiveRecord.php(402): CActiveRecord::model('Profile')
#2 /Users/coly/Sites/yii-1.1.13.e9e4a0/framework/db/ar/CActiveRecord.php(77): CActiveRecord->getMetaData()
#3 /Users/coly/Sites/yii-user/protected/modules/user/controllers/RegistrationController.php(26): CActiveRecord->__construct()
#4 /Users/coly/Sites/yii-1.1.13.e9e4a0/framework/web/actions/CInlineAction.php(49): RegistrationController->actionRegistration()
#5 /Users/coly/Sites/yii-1.1.13.e9e4a0/framework/web/CController.php(308): CInlineAction->runWithParams(Array)
#6 /Users/coly/Sites/yii-1.1.13.e9e4a0/framework/web/CController.php(286): CController->runAction(Object(CInlineAction))
#7 /Users/coly/Sites/yii-1.1.13.e9e4a0/framework/web/CController.php(265): CController->runActionWithFilters(Object(CInlineAction), Array)
#8 /Users/coly/Sites/yii-1.1.13.e9e4a0/framework/web/CWebApplication.php(282): CController->run('')
#9 /Users/coly/Sites/yii-1.1.13.e9e4a0/framework/web/CWebApplication.php(141): CWebApplication->runController('user/registrati...')
#10 /Users/coly/Sites/yii-1.1.13.e9e4a0/framework/base/CApplication.php(169): CWebApplication->processRequest()
#11 /Users/coly/Sites/yii-user/index.php(13): CApplication->run()
#12 {main}
REQUEST_URI=/yii-user/index.php?r=user/registration
HTTP_REFERER=http://127.0.0.1:1000/yii-user/
---
2013/07/23 16:40:18 [error] [exception.CException] exception 'CException' with message 'CWebUser and its behaviors do not have a method or closure named "updateSession".' in /Users/coly/Sites/yii-1.1.13.e9e4a0/framework/base/CComponent.php:265
Stack trace:
#0 /Users/coly/Sites/yii-user/protected/modules/user/models/User.php(202): CComponent->__call('updateSession', Array)
#1 /Users/coly/Sites/yii-user/protected/modules/user/models/User.php(202): CWebUser->updateSession()
#2 /Users/coly/Sites/yii-1.1.13.e9e4a0/framework/db/ar/CActiveRecord.php(1072): User->afterSave()
#3 /Users/coly/Sites/yii-1.1.13.e9e4a0/framework/db/ar/CActiveRecord.php(795): CActiveRecord->update(NULL)
#4 /Users/coly/Sites/yii-user/protected/modules/user/controllers/LoginController.php(36): CActiveRecord->save()
#5 /Users/coly/Sites/yii-user/protected/modules/user/controllers/LoginController.php(20): LoginController->lastViset()
#6 /Users/coly/Sites/yii-1.1.13.e9e4a0/framework/web/actions/CInlineAction.php(49): LoginController->actionLogin()
#7 /Users/coly/Sites/yii-1.1.13.e9e4a0/framework/web/CController.php(308): CInlineAction->runWithParams(Array)
#8 /Users/coly/Sites/yii-1.1.13.e9e4a0/framework/web/CController.php(286): CController->runAction(Object(CInlineAction))
#9 /Users/coly/Sites/yii-1.1.13.e9e4a0/framework/web/CController.php(265): CController->runActionWithFilters(Object(CInlineAction), Array)
#10 /Users/coly/Sites/yii-1.1.13.e9e4a0/framework/web/CWebApplication.php(282): CController->run('')
#11 /Users/coly/Sites/yii-1.1.13.e9e4a0/framework/web/CWebApplication.php(141): CWebApplication->runController('user/login')
#12 /Users/coly/Sites/yii-1.1.13.e9e4a0/framework/base/CApplication.php(169): CWebApplication->processRequest()
#13 /Users/coly/Sites/yii-user/index.php(13): CApplication->run()
#14 {main}
REQUEST_URI=/yii-user/index.php?r=user/login
HTTP_REFERER=http://127.0.0.1:1000/yii-user/index.php?r=user/login
---
2013/07/23 16:41:08 [error] [exception.CException] exception 'CException' with message 'CWebUser and its behaviors do not have a method or closure named "updateSession".' in /Users/coly/Sites/yii-1.1.13.e9e4a0/framework/base/CComponent.php:265
Stack trace:
#0 /Users/coly/Sites/yii-user/protected/modules/user/models/User.php(202): CComponent->__call('updateSession', Array)
#1 /Users/coly/Sites/yii-user/protected/modules/user/models/User.php(202): CWebUser->updateSession()
#2 /Users/coly/Sites/yii-1.1.13.e9e4a0/framework/db/ar/CActiveRecord.php(1072): User->afterSave()
#3 /Users/coly/Sites/yii-1.1.13.e9e4a0/framework/db/ar/CActiveRecord.php(795): CActiveRecord->update(NULL)
#4 /Users/coly/Sites/yii-user/protected/modules/user/controllers/LoginController.php(36): CActiveRecord->save()
#5 /Users/coly/Sites/yii-user/protected/modules/user/controllers/LoginController.php(20): LoginController->lastViset()
#6 /Users/coly/Sites/yii-1.1.13.e9e4a0/framework/web/actions/CInlineAction.php(49): LoginController->actionLogin()
#7 /Users/coly/Sites/yii-1.1.13.e9e4a0/framework/web/CController.php(308): CInlineAction->runWithParams(Array)
#8 /Users/coly/Sites/yii-1.1.13.e9e4a0/framework/web/CController.php(286): CController->runAction(Object(CInlineAction))
#9 /Users/coly/Sites/yii-1.1.13.e9e4a0/framework/web/CController.php(265): CController->runActionWithFilters(Object(CInlineAction), Array)
#10 /Users/coly/Sites/yii-1.1.13.e9e4a0/framework/web/CWebApplication.php(282): CController->run('')
#11 /Users/coly/Sites/yii-1.1.13.e9e4a0/framework/web/CWebApplication.php(141): CWebApplication->runController('user/login')
#12 /Users/coly/Sites/yii-1.1.13.e9e4a0/framework/base/CApplication.php(169): CWebApplication->processRequest()
#13 /Users/coly/Sites/yii-user/index.php(13): CApplication->run()
#14 {main}
REQUEST_URI=/yii-user/index.php?r=user/login
HTTP_REFERER=http://127.0.0.1:1000/yii-user/index.php?r=user/login
---
2013/07/23 16:45:50 [error] [exception.CException] exception 'CException' with message 'CWebUser and its behaviors do not have a method or closure named "updateSession".' in /Users/coly/Sites/yii-1.1.13.e9e4a0/framework/base/CComponent.php:265
Stack trace:
#0 /Users/coly/Sites/yii-user/protected/modules/user/models/User.php(202): CComponent->__call('updateSession', Array)
#1 /Users/coly/Sites/yii-user/protected/modules/user/models/User.php(202): CWebUser->updateSession()
#2 /Users/coly/Sites/yii-1.1.13.e9e4a0/framework/db/ar/CActiveRecord.php(1072): User->afterSave()
#3 /Users/coly/Sites/yii-1.1.13.e9e4a0/framework/db/ar/CActiveRecord.php(795): CActiveRecord->update(NULL)
#4 /Users/coly/Sites/yii-user/protected/modules/user/controllers/ProfileController.php(47): CActiveRecord->save()
#5 /Users/coly/Sites/yii-1.1.13.e9e4a0/framework/web/actions/CInlineAction.php(49): ProfileController->actionEdit()
#6 /Users/coly/Sites/yii-1.1.13.e9e4a0/framework/web/CController.php(308): CInlineAction->runWithParams(Array)
#7 /Users/coly/Sites/yii-1.1.13.e9e4a0/framework/web/CController.php(286): CController->runAction(Object(CInlineAction))
#8 /Users/coly/Sites/yii-1.1.13.e9e4a0/framework/web/CController.php(265): CController->runActionWithFilters(Object(CInlineAction), Array)
#9 /Users/coly/Sites/yii-1.1.13.e9e4a0/framework/web/CWebApplication.php(282): CController->run('edit')
#10 /Users/coly/Sites/yii-1.1.13.e9e4a0/framework/web/CWebApplication.php(141): CWebApplication->runController('user/profile/ed...')
#11 /Users/coly/Sites/yii-1.1.13.e9e4a0/framework/base/CApplication.php(169): CWebApplication->processRequest()
#12 /Users/coly/Sites/yii-user/index.php(13): CApplication->run()
#13 {main}
REQUEST_URI=/yii-user/index.php?r=user/profile/edit
HTTP_REFERER=http://127.0.0.1:1000/yii-user/index.php?r=user/profile/edit
---
2013/07/23 16:54:05 [warning] [application] Failed to set unsafe attribute "verifyCode" of "RegistrationForm".
in /Users/coly/Sites/yii-user/protected/modules/user/controllers/RegistrationController.php (30)
in /Users/coly/Sites/yii-user/index.php (13)
2013/07/23 16:54:07 [warning] [application] Failed to set unsafe attribute "verifyCode" of "RegistrationForm".
in /Users/coly/Sites/yii-user/protected/modules/user/controllers/RegistrationController.php (30)
in /Users/coly/Sites/yii-user/index.php (13)
2013/07/23 16:54:10 [warning] [application] Failed to set unsafe attribute "verifyCode" of "RegistrationForm".
in /Users/coly/Sites/yii-user/protected/modules/user/controllers/RegistrationController.php (30)
in /Users/coly/Sites/yii-user/index.php (13)
2013/07/23 16:54:12 [warning] [application] Failed to set unsafe attribute "verifyCode" of "RegistrationForm".
in /Users/coly/Sites/yii-user/protected/modules/user/controllers/RegistrationController.php (30)
in /Users/coly/Sites/yii-user/index.php (13)
2013/07/23 16:54:13 [warning] [application] Failed to set unsafe attribute "verifyCode" of "RegistrationForm".
in /Users/coly/Sites/yii-user/protected/modules/user/controllers/RegistrationController.php (30)
in /Users/coly/Sites/yii-user/index.php (13)
2013/07/23 16:54:17 [warning] [application] Failed to set unsafe attribute "verifyCode" of "RegistrationForm".
in /Users/coly/Sites/yii-user/protected/modules/user/controllers/RegistrationController.php (30)
in /Users/coly/Sites/yii-user/index.php (13)
2013/07/23 16:54:19 [warning] [application] Failed to set unsafe attribute "verifyCode" of "RegistrationForm".
in /Users/coly/Sites/yii-user/protected/modules/user/controllers/RegistrationController.php (30)
in /Users/coly/Sites/yii-user/index.php (13)
2013/07/23 16:54:24 [warning] [application] Failed to set unsafe attribute "verifyCode" of "RegistrationForm".
in /Users/coly/Sites/yii-user/protected/modules/user/controllers/RegistrationController.php (30)
in /Users/coly/Sites/yii-user/index.php (13)
2013/07/23 16:54:26 [warning] [application] Failed to set unsafe attribute "verifyCode" of "RegistrationForm".
in /Users/coly/Sites/yii-user/protected/modules/user/controllers/RegistrationController.php (30)
in /Users/coly/Sites/yii-user/index.php (13)
2013/07/23 16:54:29 [warning] [application] Failed to set unsafe attribute "verifyCode" of "RegistrationForm".
in /Users/coly/Sites/yii-user/protected/modules/user/controllers/RegistrationController.php (30)
in /Users/coly/Sites/yii-user/index.php (13)
2013/07/23 16:54:39 [warning] [application] Failed to set unsafe attribute "verifyCode" of "RegistrationForm".
in /Users/coly/Sites/yii-user/protected/modules/user/controllers/RegistrationController.php (30)
in /Users/coly/Sites/yii-user/index.php (13)
2013/07/23 17:03:07 [error] [exception.CException] exception 'CException' with message 'CWebUser and its behaviors do not have a method or closure named "updateSession".' in /Users/coly/Sites/yii-1.1.13.e9e4a0/framework/base/CComponent.php:265
Stack trace:
#0 /Users/coly/Sites/yii-user/protected/modules/user/models/User.php(202): CComponent->__call('updateSession', Array)
#1 /Users/coly/Sites/yii-user/protected/modules/user/models/User.php(202): CWebUser->updateSession()
#2 /Users/coly/Sites/yii-1.1.13.e9e4a0/framework/db/ar/CActiveRecord.php(1072): User->afterSave()
#3 /Users/coly/Sites/yii-1.1.13.e9e4a0/framework/db/ar/CActiveRecord.php(795): CActiveRecord->update(NULL)
#4 /Users/coly/Sites/yii-user/protected/modules/user/controllers/LoginController.php(36): CActiveRecord->save()
#5 /Users/coly/Sites/yii-user/protected/modules/user/controllers/LoginController.php(20): LoginController->lastViset()
#6 /Users/coly/Sites/yii-1.1.13.e9e4a0/framework/web/actions/CInlineAction.php(49): LoginController->actionLogin()
#7 /Users/coly/Sites/yii-1.1.13.e9e4a0/framework/web/CController.php(308): CInlineAction->runWithParams(Array)
#8 /Users/coly/Sites/yii-1.1.13.e9e4a0/framework/web/CController.php(286): CController->runAction(Object(CInlineAction))
#9 /Users/coly/Sites/yii-1.1.13.e9e4a0/framework/web/CController.php(265): CController->runActionWithFilters(Object(CInlineAction), Array)
#10 /Users/coly/Sites/yii-1.1.13.e9e4a0/framework/web/CWebApplication.php(282): CController->run('')
#11 /Users/coly/Sites/yii-1.1.13.e9e4a0/framework/web/CWebApplication.php(141): CWebApplication->runController('user/login')
#12 /Users/coly/Sites/yii-1.1.13.e9e4a0/framework/base/CApplication.php(169): CWebApplication->processRequest()
#13 /Users/coly/Sites/yii-user/index.php(13): CApplication->run()
#14 {main}
REQUEST_URI=/yii-user/index.php?r=user/login
HTTP_REFERER=http://127.0.0.1:1000/yii-user/index.php?r=user/login
---
2013/07/23 17:03:35 [error] [exception.CException] exception 'CException' with message 'CWebUser and its behaviors do not have a method or closure named "updateSession".' in /Users/coly/Sites/yii-1.1.13.e9e4a0/framework/base/CComponent.php:265
Stack trace:
#0 /Users/coly/Sites/yii-user/protected/modules/user/models/User.php(202): CComponent->__call('updateSession', Array)
#1 /Users/coly/Sites/yii-user/protected/modules/user/models/User.php(202): CWebUser->updateSession()
#2 /Users/coly/Sites/yii-1.1.13.e9e4a0/framework/db/ar/CActiveRecord.php(1072): User->afterSave()
#3 /Users/coly/Sites/yii-1.1.13.e9e4a0/framework/db/ar/CActiveRecord.php(795): CActiveRecord->update(NULL)
#4 /Users/coly/Sites/yii-user/protected/modules/user/controllers/ProfileController.php(47): CActiveRecord->save()
#5 /Users/coly/Sites/yii-1.1.13.e9e4a0/framework/web/actions/CInlineAction.php(49): ProfileController->actionEdit()
#6 /Users/coly/Sites/yii-1.1.13.e9e4a0/framework/web/CController.php(308): CInlineAction->runWithParams(Array)
#7 /Users/coly/Sites/yii-1.1.13.e9e4a0/framework/web/CController.php(286): CController->runAction(Object(CInlineAction))
#8 /Users/coly/Sites/yii-1.1.13.e9e4a0/framework/web/CController.php(265): CController->runActionWithFilters(Object(CInlineAction), Array)
#9 /Users/coly/Sites/yii-1.1.13.e9e4a0/framework/web/CWebApplication.php(282): CController->run('edit')
#10 /Users/coly/Sites/yii-1.1.13.e9e4a0/framework/web/CWebApplication.php(141): CWebApplication->runController('user/profile/ed...')
#11 /Users/coly/Sites/yii-1.1.13.e9e4a0/framework/base/CApplication.php(169): CWebApplication->processRequest()
#12 /Users/coly/Sites/yii-user/index.php(13): CApplication->run()
#13 {main}
REQUEST_URI=/yii-user/index.php?r=user/profile/edit
HTTP_REFERER=http://127.0.0.1:1000/yii-user/index.php?r=user/profile/edit
---
2013/07/23 17:16:46 [error] [exception.CException] exception 'CException' with message 'CWebUser and its behaviors do not have a method or closure named "updateSession".' in /Users/coly/Sites/yii-1.1.13.e9e4a0/framework/base/CComponent.php:265
Stack trace:
#0 /Users/coly/Sites/yii-user/protected/modules/user/models/User.php(202): CComponent->__call('updateSession', Array)
#1 /Users/coly/Sites/yii-user/protected/modules/user/models/User.php(202): CWebUser->updateSession()
#2 /Users/coly/Sites/yii-1.1.13.e9e4a0/framework/db/ar/CActiveRecord.php(1072): User->afterSave()
#3 /Users/coly/Sites/yii-1.1.13.e9e4a0/framework/db/ar/CActiveRecord.php(795): CActiveRecord->update(NULL)
#4 /Users/coly/Sites/yii-user/protected/modules/user/controllers/ProfileController.php(47): CActiveRecord->save()
#5 /Users/coly/Sites/yii-1.1.13.e9e4a0/framework/web/actions/CInlineAction.php(49): ProfileController->actionEdit()
#6 /Users/coly/Sites/yii-1.1.13.e9e4a0/framework/web/CController.php(308): CInlineAction->runWithParams(Array)
#7 /Users/coly/Sites/yii-1.1.13.e9e4a0/framework/web/CController.php(286): CController->runAction(Object(CInlineAction))
#8 /Users/coly/Sites/yii-1.1.13.e9e4a0/framework/web/CController.php(265): CController->runActionWithFilters(Object(CInlineAction), Array)
#9 /Users/coly/Sites/yii-1.1.13.e9e4a0/framework/web/CWebApplication.php(282): CController->run('edit')
#10 /Users/coly/Sites/yii-1.1.13.e9e4a0/framework/web/CWebApplication.php(141): CWebApplication->runController('user/profile/ed...')
#11 /Users/coly/Sites/yii-1.1.13.e9e4a0/framework/base/CApplication.php(169): CWebApplication->processRequest()
#12 /Users/coly/Sites/yii-user/index.php(13): CApplication->run()
#13 {main}
REQUEST_URI=/yii-user/index.php?r=user/profile/edit
HTTP_REFERER=http://127.0.0.1:1000/yii-user/index.php?r=user/profile/edit
---
2013/07/23 17:16:50 [error] [exception.CException] exception 'CException' with message 'CWebUser and its behaviors do not have a method or closure named "updateSession".' in /Users/coly/Sites/yii-1.1.13.e9e4a0/framework/base/CComponent.php:265
Stack trace:
#0 /Users/coly/Sites/yii-user/protected/modules/user/models/User.php(202): CComponent->__call('updateSession', Array)
#1 /Users/coly/Sites/yii-user/protected/modules/user/models/User.php(202): CWebUser->updateSession()
#2 /Users/coly/Sites/yii-1.1.13.e9e4a0/framework/db/ar/CActiveRecord.php(1072): User->afterSave()
#3 /Users/coly/Sites/yii-1.1.13.e9e4a0/framework/db/ar/CActiveRecord.php(795): CActiveRecord->update(NULL)
#4 /Users/coly/Sites/yii-user/protected/modules/user/controllers/ProfileController.php(47): CActiveRecord->save()
#5 /Users/coly/Sites/yii-1.1.13.e9e4a0/framework/web/actions/CInlineAction.php(49): ProfileController->actionEdit()
#6 /Users/coly/Sites/yii-1.1.13.e9e4a0/framework/web/CController.php(308): CInlineAction->runWithParams(Array)
#7 /Users/coly/Sites/yii-1.1.13.e9e4a0/framework/web/CController.php(286): CController->runAction(Object(CInlineAction))
#8 /Users/coly/Sites/yii-1.1.13.e9e4a0/framework/web/CController.php(265): CController->runActionWithFilters(Object(CInlineAction), Array)
#9 /Users/coly/Sites/yii-1.1.13.e9e4a0/framework/web/CWebApplication.php(282): CController->run('edit')
#10 /Users/coly/Sites/yii-1.1.13.e9e4a0/framework/web/CWebApplication.php(141): CWebApplication->runController('user/profile/ed...')
#11 /Users/coly/Sites/yii-1.1.13.e9e4a0/framework/base/CApplication.php(169): CWebApplication->processRequest()
#12 /Users/coly/Sites/yii-user/index.php(13): CApplication->run()
#13 {main}
REQUEST_URI=/yii-user/index.php?r=user/profile/edit
HTTP_REFERER=http://127.0.0.1:1000/yii-user/index.php?r=user/profile/edit
---
2013/07/23 17:17:03 [error] [exception.CException] exception 'CException' with message 'CWebUser and its behaviors do not have a method or closure named "updateSession".' in /Users/coly/Sites/yii-1.1.13.e9e4a0/framework/base/CComponent.php:265
Stack trace:
#0 /Users/coly/Sites/yii-user/protected/modules/user/models/User.php(202): CComponent->__call('updateSession', Array)
#1 /Users/coly/Sites/yii-user/protected/modules/user/models/User.php(202): CWebUser->updateSession()
#2 /Users/coly/Sites/yii-1.1.13.e9e4a0/framework/db/ar/CActiveRecord.php(1072): User->afterSave()
#3 /Users/coly/Sites/yii-1.1.13.e9e4a0/framework/db/ar/CActiveRecord.php(795): CActiveRecord->update(NULL)
#4 /Users/coly/Sites/yii-user/protected/modules/user/controllers/LoginController.php(36): CActiveRecord->save()
#5 /Users/coly/Sites/yii-user/protected/modules/user/controllers/LoginController.php(20): LoginController->lastViset()
#6 /Users/coly/Sites/yii-1.1.13.e9e4a0/framework/web/actions/CInlineAction.php(49): LoginController->actionLogin()
#7 /Users/coly/Sites/yii-1.1.13.e9e4a0/framework/web/CController.php(308): CInlineAction->runWithParams(Array)
#8 /Users/coly/Sites/yii-1.1.13.e9e4a0/framework/web/CController.php(286): CController->runAction(Object(CInlineAction))
#9 /Users/coly/Sites/yii-1.1.13.e9e4a0/framework/web/CController.php(265): CController->runActionWithFilters(Object(CInlineAction), Array)
#10 /Users/coly/Sites/yii-1.1.13.e9e4a0/framework/web/CWebApplication.php(282): CController->run('')
#11 /Users/coly/Sites/yii-1.1.13.e9e4a0/framework/web/CWebApplication.php(141): CWebApplication->runController('user/login')
#12 /Users/coly/Sites/yii-1.1.13.e9e4a0/framework/base/CApplication.php(169): CWebApplication->processRequest()
#13 /Users/coly/Sites/yii-user/index.php(13): CApplication->run()
#14 {main}
REQUEST_URI=/yii-user/index.php?r=user/login
HTTP_REFERER=http://127.0.0.1:1000/yii-user/index.php?r=user/login
---
2013/07/23 17:25:12 [warning] [application] Failed to set unsafe attribute "verifyCode" of "RegistrationForm".
in /Users/coly/Sites/yii-user/protected/modules/user/controllers/RegistrationController.php (30)
in /Users/coly/Sites/yii-user/index.php (13)
